Fri Jul 27 2018 02:09:50 GMT+0600 (Bangladesh Standard Time) GET /about
Fri Jul 27 2018 02:15:59 GMT+0600 (Bangladesh Standard Time) GET /about
Fri Jul 27 2018 02:16:02 GMT+0600 (Bangladesh Standard Time) GET /about
Fri Jul 27 2018 02:16:05 GMT+0600 (Bangladesh Standard Time) GET /about
Fri Jul 27 2018 02:16:06 GMT+0600 (Bangladesh Standard Time) GET /
Fri Jul 27 2018 02:16:06 GMT+0600 (Bangladesh Standard Time) GET /about
Fri Jul 27 2018 02:16:07 GMT+0600 (Bangladesh Standard Time) GET /
Fri Jul 27 2018 02:16:08 GMT+0600 (Bangladesh Standard Time) GET /about
Fri Jul 27 2018 02:16:08 GMT+0600 (Bangladesh Standard Time) GET /
Fri Jul 27 2018 02:17:57 GMT+0600 (Bangladesh Standard Time) GET /
Fri Jul 27 2018 02:17:59 GMT+0600 (Bangladesh Standard Time) GET /about
Fri Jul 27 2018 02:17:59 GMT+0600 (Bangladesh Standard Time) GET /
Fri Jul 27 2018 02:18:32 GMT+0600 (Bangladesh Standard Time) GET /
Fri Jul 27 2018 02:20:58 GMT+0600 (Bangladesh Standard Time) GET /
Fri Jul 27 2018 12:03:14 GMT+0600 (Bangladesh Standard Time) GET /
Fri Jul 27 2018 12:03:14 GMT+0600 (Bangladesh Standard Time) GET /favicon.ico
Fri Jul 27 2018 12:03:16 GMT+0600 (Bangladesh Standard Time) GET /about
Fri Jul 27 2018 12:03:17 GMT+0600 (Bangladesh Standard Time) GET /favicon.ico
Fri Jul 27 2018 12:03:17 GMT+0600 (Bangladesh Standard Time) GET /
Fri Jul 27 2018 12:03:17 GMT+0600 (Bangladesh Standard Time) GET /favicon.ico
Fri Jul 27 2018 12:03:18 GMT+0600 (Bangladesh Standard Time) GET /about
Fri Jul 27 2018 12:03:18 GMT+0600 (Bangladesh Standard Time) GET /favicon.ico
Fri Jul 27 2018 12:03:19 GMT+0600 (Bangladesh Standard Time) GET /
Fri Jul 27 2018 12:03:19 GMT+0600 (Bangladesh Standard Time) GET /favicon.ico
Fri Jul 27 2018 12:03:19 GMT+0600 (Bangladesh Standard Time) GET /about
Fri Jul 27 2018 12:03:19 GMT+0600 (Bangladesh Standard Time) GET /favicon.ico
Fri Jul 27 2018 12:03:19 GMT+0600 (Bangladesh Standard Time) GET /
Fri Jul 27 2018 12:03:19 GMT+0600 (Bangladesh Standard Time) GET /favicon.ico
Fri Jul 27 2018 12:03:20 GMT+0600 (Bangladesh Standard Time) GET /about
Fri Jul 27 2018 12:03:20 GMT+0600 (Bangladesh Standard Time) GET /favicon.ico
Fri Jul 27 2018 12:03:20 GMT+0600 (Bangladesh Standard Time) GET /
Fri Jul 27 2018 12:03:20 GMT+0600 (Bangladesh Standard Time) GET /favicon.ico
Fri Jul 27 2018 12:03:21 GMT+0600 (Bangladesh Standard Time) GET /about
Fri Jul 27 2018 12:03:21 GMT+0600 (Bangladesh Standard Time) GET /favicon.ico
Fri Jul 27 2018 12:03:21 GMT+0600 (Bangladesh Standard Time) GET /
Fri Jul 27 2018 12:03:21 GMT+0600 (Bangladesh Standard Time) GET /favicon.ico
Fri Jul 27 2018 12:03:21 GMT+0600 (Bangladesh Standard Time) GET /about
Fri Jul 27 2018 12:03:22 GMT+0600 (Bangladesh Standard Time) GET /favicon.ico
Fri Jul 27 2018 12:03:22 GMT+0600 (Bangladesh Standard Time) GET /
Fri Jul 27 2018 12:03:22 GMT+0600 (Bangladesh Standard Time) GET /favicon.ico
Fri Jul 27 2018 12:03:22 GMT+0600 (Bangladesh Standard Time) GET /about
Fri Jul 27 2018 12:03:22 GMT+0600 (Bangladesh Standard Time) GET /favicon.ico
Fri Jul 27 2018 12:03:23 GMT+0600 (Bangladesh Standard Time) GET /
Fri Jul 27 2018 12:03:23 GMT+0600 (Bangladesh Standard Time) GET /favicon.ico
Fri Jul 27 2018 12:03:24 GMT+0600 (Bangladesh Standard Time) GET /about
Fri Jul 27 2018 12:03:24 GMT+0600 (Bangladesh Standard Time) GET /favicon.ico
Fri Jul 27 2018 12:03:24 GMT+0600 (Bangladesh Standard Time) GET /
Fri Jul 27 2018 12:03:25 GMT+0600 (Bangladesh Standard Time) GET /favicon.ico
Fri Jul 27 2018 12:03:25 GMT+0600 (Bangladesh Standard Time) GET /about
Fri Jul 27 2018 12:03:25 GMT+0600 (Bangladesh Standard Time) GET /favicon.ico
Fri Jul 27 2018 12:03:25 GMT+0600 (Bangladesh Standard Time) GET /
Fri Jul 27 2018 12:03:25 GMT+0600 (Bangladesh Standard Time) GET /favicon.ico
Fri Jul 27 2018 12:04:13 GMT+0600 (Bangladesh Standard Time) GET /
Fri Jul 27 2018 12:04:13 GMT+0600 (Bangladesh Standard Time) GET /favicon.ico
Fri Jul 27 2018 12:04:15 GMT+0600 (Bangladesh Standard Time) GET /
Fri Jul 27 2018 12:04:15 GMT+0600 (Bangladesh Standard Time) GET /favicon.ico
Sun Jul 29 2018 00:38:33 GMT+0600 (Bangladesh Standard Time) GET /
Sun Jul 29 2018 00:38:37 GMT+0600 (Bangladesh Standard Time) GET /favicon.ico
Sun Jul 29 2018 00:40:03 GMT+0600 (Bangladesh Standard Time) GET /
Sun Jul 29 2018 00:40:04 GMT+0600 (Bangladesh Standard Time) GET /favicon.ico
Sun Jul 29 2018 00:40:05 GMT+0600 (Bangladesh Standard Time) GET /about
Sun Jul 29 2018 00:40:07 GMT+0600 (Bangladesh Standard Time) GET /
Sun Jul 29 2018 00:40:07 GMT+0600 (Bangladesh Standard Time) GET /about
Sun Jul 29 2018 00:40:08 GMT+0600 (Bangladesh Standard Time) GET /
Sun Jul 29 2018 00:40:09 GMT+0600 (Bangladesh Standard Time) GET /about
